<?xml version="1.0" encoding="UTF-8"?>
<!-- Generated by org.testng.reporters.JUnitReportReporter -->
<testsuite hostname="GillesZannou" name="com.InetBanking.TestCases.TC_LoginTest_001" tests="1" failures="0" timestamp="14 Dec 2019 06:48:02 GMT" time="9.085" errors="0">
  <testcase name="loginTest" time="9.085" classname="com.InetBanking.TestCases.TC_LoginTest_001"/>
</testsuite> <!-- com.InetBanking.TestCases.TC_LoginTest_001 -->
