<?xml version="1.0" encoding="UTF-8"?>
<!-- Generated by org.testng.reporters.JUnitReportReporter -->
<testsuite hostname="GillesZannou" name="com.InetBanking.TestCases.TC_LoginTest_001" tests="1" failures="0" timestamp="14 Dec 2019 07:21:21 GMT" time="10.254" errors="0">
  <testcase name="loginTest" time="10.254" classname="com.InetBanking.TestCases.TC_LoginTest_001"/>
</testsuite> <!-- com.InetBanking.TestCases.TC_LoginTest_001 -->
